<?xml version="1.0" encoding="UTF-8"?>
<!-- Generated by org.testng.reporters.JUnitReportReporter -->
<testsuite name="com.pinframework.PinServerBuilderTest" tests="18" time="0.581" ignored="0" failures="0" timestamp="29 ene 2017 12:00:54 GMT" skipped="0" hostname="Pablo-PC" errors="0">
  <testcase name="port_tooLow" time="0.002" classname="com.pinframework.PinServerBuilderTest"/>
  <testcase name="build_appContextRestrictedValid" time="0.015" classname="com.pinframework.PinServerBuilderTest"/>
  <testcase name="build_appContextSomething" time="0.004" classname="com.pinframework.PinServerBuilderTest"/>
  <testcase name="build_defaultValues" time="0.008" classname="com.pinframework.PinServerBuilderTest"/>
  <testcase name="build_appContextNull" time="0.006" classname="com.pinframework.PinServerBuilderTest"/>
  <testcase name="build_appContextStartWithSlash" time="0.002" classname="com.pinframework.PinServerBuilderTest"/>
  <testcase name="build_appContextEndsWithSlash" time="0.004" classname="com.pinframework.PinServerBuilderTest"/>
  <testcase name="build_appContextEmpty" time="0.500" classname="com.pinframework.PinServerBuilderTest"/>
  <testcase name="build_appContextRestrictedSymbol" time="0.005" classname="com.pinframework.PinServerBuilderTest"/>
  <testcase name="build_externalFolderNotAFolder" time="0.009" classname="com.pinframework.PinServerBuilderTest"/>
  <testcase name="build_noWebjarSupportButPreferMinified" time="0.002" classname="com.pinframework.PinServerBuilderTest"/>
  <testcase name="build_appContextRestrictedNonAscii" time="0.003" classname="com.pinframework.PinServerBuilderTest"/>
  <testcase name="build_externalFolderNonCanonical" time="0.004" classname="com.pinframework.PinServerBuilderTest"/>
  <testcase name="build_externalFolderNonExisting" time="0.003" classname="com.pinframework.PinServerBuilderTest"/>
  <testcase name="build_appContextRestrictedUppercase" time="0.003" classname="com.pinframework.PinServerBuilderTest"/>
  <testcase name="maxBacklog_negative" time="0.003" classname="com.pinframework.PinServerBuilderTest"/>
  <testcase name="port_tooHigh" time="0.002" classname="com.pinframework.PinServerBuilderTest"/>
  <testcase name="build_otherValues" time="0.006" classname="com.pinframework.PinServerBuilderTest"/>
</testsuite> <!-- com.pinframework.PinServerBuilderTest -->
